<?xml version="1.0" encoding="UTF-8"?>
<!-- Generated by org.testng.reporters.JUnitReportReporter -->
<testsuite hostname="DESKTOP-FRBBLIR" failures="0" tests="1" name="Testframework.testNgProject1.NewTestDominos" time="47.033" errors="0" timestamp="2023-09-08T15:51:41 EDT" skipped="0">
  <testcase classname="Testframework.testNgProject1.NewTestDominos" name="orderonline" time="47.033"/>
</testsuite> <!-- Testframework.testNgProject1.NewTestDominos -->
