<?xml version="1.0" encoding="UTF-8"?>
<!-- Generated by org.testng.reporters.JUnitReportReporter -->
<testsuite hostname="DESKTOP-FRBBLIR" failures="0" tests="1" name="Testframework.testNgProject1.NewTestDominos" time="46.367" errors="0" timestamp="2023-08-18T21:40:35 EDT" skipped="0">
  <testcase classname="Testframework.testNgProject1.NewTestDominos" name="orderonline" time="46.367"/>
</testsuite> <!-- Testframework.testNgProject1.NewTestDominos -->
