<?xml version="1.0" encoding="UTF-8"?>
<!-- Generated by org.testng.reporters.JUnitReportReporter -->
<testsuite hostname="DESKTOP-FRBBLIR" failures="0" tests="2" name="Testframework.testNgProject1.NewTestdp" time="25.098" errors="0" timestamp="2023-08-19T11:17:20 EDT" skipped="0">
  <testcase classname="Testframework.testNgProject1.NewTestdp" name="f" time="12.758"/>
  <testcase classname="Testframework.testNgProject1.NewTestdp" name="f" time="12.340"/>
</testsuite> <!-- Testframework.testNgProject1.NewTestdp -->
