<?xml version="1.0" encoding="UTF-8"?>
<!-- Generated by org.testng.reporters.JUnitReportReporter -->
<testsuite hostname="DESKTOP-FRBBLIR" failures="0" tests="2" name="Testframework.testNgProject1.NewTest2" time="19.252" errors="0" timestamp="2023-08-19T10:31:05 EDT" skipped="0">
  <testcase classname="Testframework.testNgProject1.NewTest2" name="fbtestTaxtCase" time="12.401"/>
  <testcase classname="Testframework.testNgProject1.NewTest2" name="fbtestTaxtCase2" time="6.851"/>
</testsuite> <!-- Testframework.testNgProject1.NewTest2 -->
