<?xml version="1.0" encoding="UTF-8"?>
<!-- Generated by org.testng.reporters.JUnitReportReporter -->
<testsuite hostname="DESKTOP-FRBBLIR" failures="0" tests="2" name="Testframework.testNgProject1.NewTest2" time="44.343" errors="0" timestamp="2023-09-08T15:45:53 EDT" skipped="0">
  <testcase classname="Testframework.testNgProject1.NewTest2" name="fbtestTaxtCase2" time="24.705"/>
  <testcase classname="Testframework.testNgProject1.NewTest2" name="fbtestTaxtCase2" time="19.638"/>
</testsuite> <!-- Testframework.testNgProject1.NewTest2 -->
