<?xml version="1.0" encoding="UTF-8"?>
<!-- Generated by org.testng.reporters.JUnitReportReporter -->
<testsuite hostname="DESKTOP-FRBBLIR" failures="0" tests="1" name="Testframework.testNgProject1.NewTestamazon" time="19.610" errors="0" timestamp="2023-09-13T18:16:05 EDT" skipped="0">
  <testcase classname="Testframework.testNgProject1.NewTestamazon" name="f" time="19.610"/>
</testsuite> <!-- Testframework.testNgProject1.NewTestamazon -->
