<?xml version="1.0" encoding="UTF-8"?>
<!-- Generated by org.testng.reporters.JUnitReportReporter -->
<testsuite hostname="DESKTOP-FRBBLIR" failures="0" tests="1" name="Testframework.testNgProject1.NewTesthomedepot" time="37.315" errors="0" timestamp="2023-09-08T19:10:08 EDT" skipped="0">
  <testcase classname="Testframework.testNgProject1.NewTesthomedepot" name="f" time="37.315"/>
</testsuite> <!-- Testframework.testNgProject1.NewTesthomedepot -->
