<?xml version="1.0" encoding="UTF-8"?>
<!-- Generated by org.testng.reporters.JUnitReportReporter -->
<testsuite hostname="DESKTOP-FRBBLIR" failures="0" tests="2" name="Testframework.testNgProject1.NewTest4" time="39.474" errors="0" timestamp="2023-08-14T22:55:27 EDT" skipped="0">
  <testcase classname="Testframework.testNgProject1.NewTest4" name="fbtestTaxtCase" time="19.767"/>
  <testcase classname="Testframework.testNgProject1.NewTest4" name="fbtestTaxtCase2" time="19.707"/>
</testsuite> <!-- Testframework.testNgProject1.NewTest4 -->
