<?xml version="1.0" encoding="UTF-8"?>
<!-- Generated by org.testng.reporters.JUnitReportReporter -->
<testsuite hostname="DESKTOP-FRBBLIR" failures="0" tests="2" name="Testframework.testNgProject1.NewTest1" time="0.011" errors="0" timestamp="2023-08-11T22:05:10 EDT" skipped="0">
  <testcase classname="Testframework.testNgProject1.NewTest1" name="f2" time="0.002"/>
  <testcase classname="Testframework.testNgProject1.NewTest1" name="f1" time="0.009"/>
</testsuite> <!-- Testframework.testNgProject1.NewTest1 -->
