<?xml version="1.0" encoding="UTF-8"?>
<!-- Generated by org.testng.reporters.JUnitReportReporter -->
<testsuite hostname="DESKTOP-FRBBLIR" failures="0" tests="2" name="Testframework.testNgProject1.NewTest0" time="33.618" errors="0" timestamp="2023-08-13T22:22:55 EDT" skipped="0">
  <testcase classname="Testframework.testNgProject1.NewTest0" name="f2" time="16.594"/>
  <testcase classname="Testframework.testNgProject1.NewTest0" name="f" time="17.024"/>
</testsuite> <!-- Testframework.testNgProject1.NewTest0 -->
